0.(0001000900810729656691021919727754979481533380042037834050645581022920628
5657091382244019617655890301271144029626663997597838054248823941547392653388
0492443198878991091982784506055449904914422980682614352917625863276949254328
8960064057651886698028225402862576318686818136322690421379241317185466920228
2053848463617255529976979281353217896106495846261635471924732259033129816835
1516364728255429886898208387548793914523070763687318586728055249724752277049
3444099689720748673806425783204884395956360724652186968271444299869882894605
1446301671504353918526674006605945350815734160744670203182864578120308277449
7047342608347512761485336803122810529476528875988389550595535982384145731158
0422380142127915123611250125112601341207086377739965969372435191672505254729
2563306976278650785707136422780502452206986287658893003703332999699729756781
1029926934240816735061555399859873886497848063256931238114302872585326794114
7032329096186567911120008007206485837253528175357822039835852267040336302672
4051646481833650285256731057952156941247122410169152237013311980782704433990
5915323791412271043939545591031928735862276048443599239315383845460914823341
0069062155940346311680512461215093584225803222900610549494545090581523371033
9305374837353618256430787708938044239815834250825743168851966770093083775397
8580722650385346812130917826043439095185667100390351316184566109498548693824
4419977980182163947552797517765989390451406265639075167650885797217495746171
5543989590631568411570413372034831348213392052847562806525873285957361625462
9166249624662195976378740866780102091882694424982484235812231007907116404764
287859073165849264337904113702332098889)
